<?xml version="1.0" encoding="UTF-8"?>
<testsuite name="Cucumber" time="0.11" tests="1" skipped="0" failures="0" errors="0">
<testcase classname="feature to test login functionality" name="Check login successful with valid credentials" time="0.006">
<system-out><![CDATA[
Given User is on login page.................................................passed
When User enters username and password......................................passed
And Clicks on login button..................................................passed
Then User is navigated to the home page.....................................passed
]]></system-out>
</testcase>
</testsuite>
